<?xml version="1.0" encoding="UTF-8"?>
<Site BuildName="(empty)"
	BuildStamp="20240605-0732-Experimental"
	Name="moonlab"
	Generator="ctest-3.29.2"
	CompilerName="/usr/lib/ccache/c++"
	CompilerVersion="9.4.0"
	OSName="Linux"
	Hostname="moonlab"
	OSRelease="5.15.0-107-generic"
	OSVersion="#117~20.04.1-Ubuntu SMP Tue Apr 30 10:35:57 UTC 2024"
	OSPlatform="x86_64"
	Is64Bits="1"
	VendorString="GenuineIntel"
	VendorID="Intel Corporation"
	FamilyID="6"
	ModelID="142"
	ProcessorCacheSize="8192"
	NumberOfLogicalCPU="8"
	NumberOfPhysicalCPU="4"
	TotalVirtualMemory="1952"
	TotalPhysicalMemory="15819"
	LogicalProcessorsPerPhysical="2"
	ProcessorClockFrequency="2100"
	>
	<Testing>
		<StartDateTime>Jun 06 03:10 IST</StartDateTime>
		<StartTestTime>1717623624</StartTestTime>
		<TestList/>
		<EndDateTime>Jun 06 03:10 IST</EndDateTime>
		<EndTestTime>1717623624</EndTestTime>
		<ElapsedMinutes>0</ElapsedMinutes>
	</Testing>
</Site>
